2025-11-27 15:54:57.707 +01:00 [INF] Seeding images from C:\Users\Per\Desktop\Bachelor-Project-MyBranch\Backend\wwwroot\images
2025-11-27 15:54:58.076 +01:00 [INF] Database seeding completed successfully
2025-11-27 15:54:58.174 +01:00 [INF] User profile is available. Using 'C:\Users\Per\AppData\Local\ASP.NET\DataProtection-Keys' as key repository and Windows DPAPI to encrypt keys at rest.
2025-11-27 15:54:58.258 +01:00 [INF] Creating key {99ffb6bb-c412-4e03-b609-8437eb3ef9f8} with creation date 2025-11-27 14:54:58Z, activation date 2025-11-27 14:54:58Z, and expiration date 2026-02-25 14:54:58Z.
2025-11-27 15:54:58.283 +01:00 [INF] Writing data to file 'C:\Users\Per\AppData\Local\ASP.NET\DataProtection-Keys\key-99ffb6bb-c412-4e03-b609-8437eb3ef9f8.xml'.
2025-11-27 15:54:58.380 +01:00 [INF] Now listening on: https://localhost:7063
2025-11-27 15:54:58.382 +01:00 [INF] Now listening on: http://localhost:5030
2025-11-27 15:54:58.385 +01:00 [INF] Application started. Press Ctrl+C to shut down.
2025-11-27 15:54:58.386 +01:00 [INF] Hosting environment: Development
2025-11-27 15:54:58.388 +01:00 [INF] Content root path: C:\Users\Per\Desktop\Bachelor-Project-MyBranch\Backend
2025-11-27 15:55:03.374 +01:00 [INF] Request starting HTTP/2 GET https://localhost:7063/swagger - null null
2025-11-27 15:55:03.392 +01:00 [INF] Request finished HTTP/2 GET https://localhost:7063/swagger - 301 0 null 20.2457ms
2025-11-27 15:55:03.398 +01:00 [INF] Request starting HTTP/2 GET https://localhost:7063/swagger/index.html - null null
2025-11-27 15:55:03.447 +01:00 [INF] Request finished HTTP/2 GET https://localhost:7063/swagger/index.html - 200 null text/html;charset=utf-8 49.2971ms
2025-11-27 15:55:03.465 +01:00 [INF] Request starting HTTP/2 GET https://localhost:7063/swagger/swagger-ui-bundle.js - null null
2025-11-27 15:55:03.466 +01:00 [INF] Request starting HTTP/2 GET https://localhost:7063/swagger/swagger-ui-standalone-preset.js - null null
2025-11-27 15:55:03.467 +01:00 [INF] Request starting HTTP/2 GET https://localhost:7063/swagger/swagger-ui.css - null null
2025-11-27 15:55:03.496 +01:00 [INF] Sending file. Request path: '/swagger-ui.css'. Physical path: 'N/A'
2025-11-27 15:55:03.496 +01:00 [INF] Sending file. Request path: '/swagger-ui-standalone-preset.js'. Physical path: 'N/A'
2025-11-27 15:55:03.499 +01:00 [INF] Request finished HTTP/2 GET https://localhost:7063/swagger/swagger-ui-standalone-preset.js - 200 230280 text/javascript 33.6641ms
2025-11-27 15:55:03.501 +01:00 [INF] Request finished HTTP/2 GET https://localhost:7063/swagger/swagger-ui.css - 200 152034 text/css 33.8154ms
2025-11-27 15:55:03.520 +01:00 [INF] Sending file. Request path: '/swagger-ui-bundle.js'. Physical path: 'N/A'
2025-11-27 15:55:03.521 +01:00 [INF] Request finished HTTP/2 GET https://localhost:7063/swagger/swagger-ui-bundle.js - 200 1456926 text/javascript 57.8823ms
2025-11-27 15:55:03.616 +01:00 [INF] Request starting HTTP/2 GET https://localhost:7063/swagger/favicon-16x16.png - null null
2025-11-27 15:55:03.618 +01:00 [INF] Sending file. Request path: '/favicon-16x16.png'. Physical path: 'N/A'
2025-11-27 15:55:03.620 +01:00 [INF] Request finished HTTP/2 GET https://localhost:7063/swagger/favicon-16x16.png - 200 665 image/png 6.5373ms
2025-11-27 15:55:03.654 +01:00 [INF] Request starting HTTP/2 GET https://localhost:7063/swagger/v1/swagger.json - null null
2025-11-27 15:55:03.740 +01:00 [INF] Request finished HTTP/2 GET https://localhost:7063/swagger/v1/swagger.json - 200 null application/json;charset=utf-8 86.2484ms
2025-11-27 15:56:35.919 +01:00 [INF] Request starting HTTP/1.1 GET http://localhost:5030/api/ImageAPI/carousel-images - null null
2025-11-27 15:56:35.959 +01:00 [INF] CORS policy execution successful.
2025-11-27 15:56:35.969 +01:00 [INF] Executing endpoint 'Backend.Controllers.ImageAPIController.GetCarouselImages (Backend)'
2025-11-27 15:56:35.979 +01:00 [INF] Route matched with {action = "GetCarouselImages", controller = "ImageAPI"}. Executing controller action with signature System.Threading.Tasks.Task`1[Microsoft.AspNetCore.Mvc.IActionResult] GetCarouselImages() on controller Backend.Controllers.ImageAPIController (Backend).
2025-11-27 15:56:36.002 +01:00 [INF] Executing action method Backend.Controllers.ImageAPIController.GetCarouselImages (Backend) - Validation state: "Valid"
2025-11-27 15:56:36.048 +01:00 [INF] [ImageAPIController] Successfully retrieved 0 carousel images
2025-11-27 15:56:36.055 +01:00 [INF] Executed action method Backend.Controllers.ImageAPIController.GetCarouselImages (Backend), returned result Microsoft.AspNetCore.Mvc.OkObjectResult in 44.911ms.
2025-11-27 15:56:36.070 +01:00 [INF] Executing OkObjectResult, writing value of type 'System.Collections.Generic.List`1[[Backend.DTOs.ImageDTO, Backend, Version=1.0.0.0, Culture=neutral, PublicKeyToken=null]]'.
2025-11-27 15:56:36.098 +01:00 [INF] Executed action Backend.Controllers.ImageAPIController.GetCarouselImages (Backend) in 102.6155ms
2025-11-27 15:56:36.099 +01:00 [INF] Executed endpoint 'Backend.Controllers.ImageAPIController.GetCarouselImages (Backend)'
2025-11-27 15:56:36.106 +01:00 [INF] Request finished HTTP/1.1 GET http://localhost:5030/api/ImageAPI/carousel-images - 200 null application/json; charset=utf-8 186.1472ms
2025-11-27 15:56:48.252 +01:00 [INF] Request starting HTTP/1.1 GET http://localhost:5030/api/menuitemapi/menuitemslist?category=KaffeVarm - null null
2025-11-27 15:56:48.265 +01:00 [INF] CORS policy execution successful.
2025-11-27 15:56:48.268 +01:00 [INF] Executing endpoint 'Backend.Controllers.MenuItemAPIController.GetMenuItems (Backend)'
2025-11-27 15:56:48.275 +01:00 [INF] Route matched with {action = "GetMenuItems", controller = "MenuItemAPI"}. Executing controller action with signature System.Threading.Tasks.Task`1[Microsoft.AspNetCore.Mvc.IActionResult] GetMenuItems(System.String) on controller Backend.Controllers.MenuItemAPIController (Backend).
2025-11-27 15:56:48.302 +01:00 [INF] Executing action method Backend.Controllers.MenuItemAPIController.GetMenuItems (Backend) - Validation state: "Valid"
2025-11-27 15:56:48.370 +01:00 [INF] Executed action method Backend.Controllers.MenuItemAPIController.GetMenuItems (Backend), returned result Microsoft.AspNetCore.Mvc.OkObjectResult in 66.9053ms.
2025-11-27 15:56:48.378 +01:00 [INF] Executing OkObjectResult, writing value of type 'System.Collections.Generic.List`1[[Backend.DTOs.MenuItemDTO, Backend, Version=1.0.0.0, Culture=neutral, PublicKeyToken=null]]'.
2025-11-27 15:56:48.386 +01:00 [INF] Executed action Backend.Controllers.MenuItemAPIController.GetMenuItems (Backend) in 103.4133ms
2025-11-27 15:56:48.388 +01:00 [INF] Executed endpoint 'Backend.Controllers.MenuItemAPIController.GetMenuItems (Backend)'
2025-11-27 15:56:48.391 +01:00 [INF] Request finished HTTP/1.1 GET http://localhost:5030/api/menuitemapi/menuitemslist?category=KaffeVarm - 200 null application/json; charset=utf-8 138.7519ms
2025-11-27 15:56:52.880 +01:00 [INF] Request starting HTTP/1.1 GET http://localhost:5030/api/menuitemapi/menuitemslist?category=Smoothie - null null
2025-11-27 15:56:52.891 +01:00 [INF] CORS policy execution successful.
2025-11-27 15:56:52.895 +01:00 [INF] Executing endpoint 'Backend.Controllers.MenuItemAPIController.GetMenuItems (Backend)'
2025-11-27 15:56:52.897 +01:00 [INF] Route matched with {action = "GetMenuItems", controller = "MenuItemAPI"}. Executing controller action with signature System.Threading.Tasks.Task`1[Microsoft.AspNetCore.Mvc.IActionResult] GetMenuItems(System.String) on controller Backend.Controllers.MenuItemAPIController (Backend).
2025-11-27 15:56:52.915 +01:00 [INF] Executing action method Backend.Controllers.MenuItemAPIController.GetMenuItems (Backend) - Validation state: "Valid"
2025-11-27 15:56:52.930 +01:00 [INF] Executed action method Backend.Controllers.MenuItemAPIController.GetMenuItems (Backend), returned result Microsoft.AspNetCore.Mvc.OkObjectResult in 14.1351ms.
2025-11-27 15:56:52.938 +01:00 [INF] Executing OkObjectResult, writing value of type 'System.Collections.Generic.List`1[[Backend.DTOs.MenuItemDTO, Backend, Version=1.0.0.0, Culture=neutral, PublicKeyToken=null]]'.
2025-11-27 15:56:52.939 +01:00 [INF] Executed action Backend.Controllers.MenuItemAPIController.GetMenuItems (Backend) in 35.3647ms
2025-11-27 15:56:52.941 +01:00 [INF] Executed endpoint 'Backend.Controllers.MenuItemAPIController.GetMenuItems (Backend)'
2025-11-27 15:56:52.943 +01:00 [INF] Request finished HTTP/1.1 GET http://localhost:5030/api/menuitemapi/menuitemslist?category=Smoothie - 200 null application/json; charset=utf-8 63.624ms
2025-11-27 15:56:53.916 +01:00 [INF] Request starting HTTP/1.1 GET http://localhost:5030/api/ingredientapi/ingredientslist - null null
2025-11-27 15:56:53.924 +01:00 [INF] Request starting HTTP/1.1 GET http://localhost:5030/api/categoryapi/categorieslist - null null
2025-11-27 15:56:53.949 +01:00 [INF] CORS policy execution successful.
2025-11-27 15:56:53.950 +01:00 [INF] CORS policy execution successful.
2025-11-27 15:56:53.954 +01:00 [INF] Executing endpoint 'Backend.Controllers.CategoryAPIController.GetCategories (Backend)'
2025-11-27 15:56:53.956 +01:00 [INF] Executing endpoint 'Backend.Controllers.IngredientAPIController.GetIngredients (Backend)'
2025-11-27 15:56:53.957 +01:00 [INF] Request starting HTTP/1.1 GET http://localhost:5030/api/ingredientapi/ingredientslist - null null
2025-11-27 15:56:53.961 +01:00 [INF] Request starting HTTP/1.1 GET http://localhost:5030/api/categoryapi/categorieslist - null null
2025-11-27 15:56:53.965 +01:00 [INF] Route matched with {action = "GetIngredients", controller = "IngredientAPI"}. Executing controller action with signature System.Threading.Tasks.Task`1[Microsoft.AspNetCore.Mvc.IActionResult] GetIngredients() on controller Backend.Controllers.IngredientAPIController (Backend).
2025-11-27 15:56:53.966 +01:00 [INF] Route matched with {action = "GetCategories", controller = "CategoryAPI"}. Executing controller action with signature System.Threading.Tasks.Task`1[Microsoft.AspNetCore.Mvc.IActionResult] GetCategories() on controller Backend.Controllers.CategoryAPIController (Backend).
2025-11-27 15:56:53.986 +01:00 [INF] Executing action method Backend.Controllers.CategoryAPIController.GetCategories (Backend) - Validation state: "Valid"
2025-11-27 15:56:53.988 +01:00 [INF] Executing action method Backend.Controllers.IngredientAPIController.GetIngredients (Backend) - Validation state: "Valid"
2025-11-27 15:56:53.999 +01:00 [INF] CORS policy execution successful.
2025-11-27 15:56:54.006 +01:00 [INF] CORS policy execution successful.
2025-11-27 15:56:54.008 +01:00 [INF] Executing endpoint 'Backend.Controllers.IngredientAPIController.GetIngredients (Backend)'
2025-11-27 15:56:54.012 +01:00 [INF] Route matched with {action = "GetIngredients", controller = "IngredientAPI"}. Executing controller action with signature System.Threading.Tasks.Task`1[Microsoft.AspNetCore.Mvc.IActionResult] GetIngredients() on controller Backend.Controllers.IngredientAPIController (Backend).
2025-11-27 15:56:54.016 +01:00 [INF] Executing endpoint 'Backend.Controllers.CategoryAPIController.GetCategories (Backend)'
2025-11-27 15:56:54.019 +01:00 [INF] Route matched with {action = "GetCategories", controller = "CategoryAPI"}. Executing controller action with signature System.Threading.Tasks.Task`1[Microsoft.AspNetCore.Mvc.IActionResult] GetCategories() on controller Backend.Controllers.CategoryAPIController (Backend).
2025-11-27 15:56:54.021 +01:00 [INF] Executed action method Backend.Controllers.CategoryAPIController.GetCategories (Backend), returned result Microsoft.AspNetCore.Mvc.OkObjectResult in 32.2735ms.
2025-11-27 15:56:54.038 +01:00 [INF] Executing OkObjectResult, writing value of type 'System.Collections.Generic.List`1[[Backend.DTOs.CategoryDTO, Backend, Version=1.0.0.0, Culture=neutral, PublicKeyToken=null]]'.
2025-11-27 15:56:54.039 +01:00 [INF] Executing action method Backend.Controllers.IngredientAPIController.GetIngredients (Backend) - Validation state: "Valid"
2025-11-27 15:56:54.048 +01:00 [INF] Executed action Backend.Controllers.CategoryAPIController.GetCategories (Backend) in 66.7554ms
2025-11-27 15:56:54.050 +01:00 [INF] Executed endpoint 'Backend.Controllers.CategoryAPIController.GetCategories (Backend)'
2025-11-27 15:56:54.054 +01:00 [INF] Executing action method Backend.Controllers.CategoryAPIController.GetCategories (Backend) - Validation state: "Valid"
2025-11-27 15:56:54.055 +01:00 [INF] Request finished HTTP/1.1 GET http://localhost:5030/api/categoryapi/categorieslist - 200 null application/json; charset=utf-8 132.6004ms
2025-11-27 15:56:54.061 +01:00 [INF] Executed action method Backend.Controllers.CategoryAPIController.GetCategories (Backend), returned result Microsoft.AspNetCore.Mvc.OkObjectResult in 5.3385ms.
2025-11-27 15:56:54.069 +01:00 [INF] Executing OkObjectResult, writing value of type 'System.Collections.Generic.List`1[[Backend.DTOs.CategoryDTO, Backend, Version=1.0.0.0, Culture=neutral, PublicKeyToken=null]]'.
2025-11-27 15:56:54.071 +01:00 [INF] Executed action Backend.Controllers.CategoryAPIController.GetCategories (Backend) in 24.9521ms
2025-11-27 15:56:54.072 +01:00 [INF] Executed endpoint 'Backend.Controllers.CategoryAPIController.GetCategories (Backend)'
2025-11-27 15:56:54.075 +01:00 [INF] Request finished HTTP/1.1 GET http://localhost:5030/api/categoryapi/categorieslist - 200 null application/json; charset=utf-8 115.1784ms
2025-11-27 15:56:54.082 +01:00 [INF] Executed action method Backend.Controllers.IngredientAPIController.GetIngredients (Backend), returned result Microsoft.AspNetCore.Mvc.OkObjectResult in 91.5024ms.
2025-11-27 15:56:54.083 +01:00 [INF] Executed action method Backend.Controllers.IngredientAPIController.GetIngredients (Backend), returned result Microsoft.AspNetCore.Mvc.OkObjectResult in 40.3353ms.
2025-11-27 15:56:54.098 +01:00 [INF] Executing OkObjectResult, writing value of type 'System.Linq.Enumerable+WhereSelectListIterator`2[[Backend.Models.Ingredient, Backend, Version=1.0.0.0, Culture=neutral, PublicKeyToken=null],[Backend.DTOs.IngredientDTO, Backend, Version=1.0.0.0, Culture=neutral, PublicKeyToken=null]]'.
2025-11-27 15:56:54.098 +01:00 [INF] Executing OkObjectResult, writing value of type 'System.Linq.Enumerable+WhereSelectListIterator`2[[Backend.Models.Ingredient, Backend, Version=1.0.0.0, Culture=neutral, PublicKeyToken=null],[Backend.DTOs.IngredientDTO, Backend, Version=1.0.0.0, Culture=neutral, PublicKeyToken=null]]'.
2025-11-27 15:56:54.132 +01:00 [INF] Executed action Backend.Controllers.IngredientAPIController.GetIngredients (Backend) in 153.1934ms
2025-11-27 15:56:54.133 +01:00 [INF] Executed action Backend.Controllers.IngredientAPIController.GetIngredients (Backend) in 105.9514ms
2025-11-27 15:56:54.135 +01:00 [INF] Executed endpoint 'Backend.Controllers.IngredientAPIController.GetIngredients (Backend)'
2025-11-27 15:56:54.137 +01:00 [INF] Executed endpoint 'Backend.Controllers.IngredientAPIController.GetIngredients (Backend)'
2025-11-27 15:56:54.141 +01:00 [INF] Request finished HTTP/1.1 GET http://localhost:5030/api/ingredientapi/ingredientslist - 200 null application/json; charset=utf-8 224.5524ms
2025-11-27 15:56:54.142 +01:00 [INF] Request finished HTTP/1.1 GET http://localhost:5030/api/ingredientapi/ingredientslist - 200 null application/json; charset=utf-8 206.3957ms
2025-11-27 15:56:55.317 +01:00 [INF] Request starting HTTP/1.1 GET http://localhost:5030/images/Test2.png - null null
2025-11-27 15:56:55.340 +01:00 [INF] Request starting HTTP/1.1 GET http://localhost:5030/images/Test1.png - null null
2025-11-27 15:56:55.362 +01:00 [INF] Request finished HTTP/1.1 GET http://localhost:5030/images/Test1.png - 404 0 null 20.1681ms
2025-11-27 15:56:55.363 +01:00 [INF] Request finished HTTP/1.1 GET http://localhost:5030/images/Test2.png - 404 0 null 45.1292ms
2025-11-27 15:56:55.366 +01:00 [INF] Request reached the end of the middleware pipeline without being handled by application code. Request path: GET http://localhost:5030/images/Test1.png, Response status code: 404
2025-11-27 15:56:55.366 +01:00 [INF] Request reached the end of the middleware pipeline without being handled by application code. Request path: GET http://localhost:5030/images/Test2.png, Response status code: 404
2025-11-27 15:56:56.513 +01:00 [INF] Request starting HTTP/1.1 GET http://localhost:5030/api/ingredientapi/1 - null null
2025-11-27 15:56:56.522 +01:00 [INF] CORS policy execution successful.
2025-11-27 15:56:56.524 +01:00 [INF] Executing endpoint 'Backend.Controllers.IngredientAPIController.GetIngredient (Backend)'
2025-11-27 15:56:56.528 +01:00 [INF] Route matched with {action = "GetIngredient", controller = "IngredientAPI"}. Executing controller action with signature System.Threading.Tasks.Task`1[Microsoft.AspNetCore.Mvc.IActionResult] GetIngredient(Int32) on controller Backend.Controllers.IngredientAPIController (Backend).
2025-11-27 15:56:56.548 +01:00 [INF] Executing action method Backend.Controllers.IngredientAPIController.GetIngredient (Backend) - Validation state: "Valid"
2025-11-27 15:56:56.559 +01:00 [INF] Executed action method Backend.Controllers.IngredientAPIController.GetIngredient (Backend), returned result Microsoft.AspNetCore.Mvc.OkObjectResult in 9.8716ms.
2025-11-27 15:56:56.567 +01:00 [INF] Executing OkObjectResult, writing value of type 'Backend.DTOs.IngredientDTO'.
2025-11-27 15:56:56.569 +01:00 [INF] Executed action Backend.Controllers.IngredientAPIController.GetIngredient (Backend) in 32.7133ms
2025-11-27 15:56:56.570 +01:00 [INF] Executed endpoint 'Backend.Controllers.IngredientAPIController.GetIngredient (Backend)'
2025-11-27 15:56:56.573 +01:00 [INF] Request finished HTTP/1.1 GET http://localhost:5030/api/ingredientapi/1 - 200 null application/json; charset=utf-8 60.302ms
2025-11-27 15:56:56.623 +01:00 [INF] Request starting HTTP/1.1 GET http://localhost:5030/api/categoryapi/categorieslist - null null
2025-11-27 15:56:56.624 +01:00 [INF] Request starting HTTP/1.1 GET http://localhost:5030/images/Test2.png - null null
2025-11-27 15:56:56.642 +01:00 [INF] Request finished HTTP/1.1 GET http://localhost:5030/images/Test2.png - 404 0 null 17.3365ms
2025-11-27 15:56:56.643 +01:00 [INF] CORS policy execution successful.
2025-11-27 15:56:56.645 +01:00 [INF] Request reached the end of the middleware pipeline without being handled by application code. Request path: GET http://localhost:5030/images/Test2.png, Response status code: 404
2025-11-27 15:56:56.648 +01:00 [INF] Request starting HTTP/1.1 GET http://localhost:5030/api/ingredientapi/ingredientslist - null null
2025-11-27 15:56:56.649 +01:00 [INF] Executing endpoint 'Backend.Controllers.CategoryAPIController.GetCategories (Backend)'
2025-11-27 15:56:56.652 +01:00 [INF] Route matched with {action = "GetCategories", controller = "CategoryAPI"}. Executing controller action with signature System.Threading.Tasks.Task`1[Microsoft.AspNetCore.Mvc.IActionResult] GetCategories() on controller Backend.Controllers.CategoryAPIController (Backend).
2025-11-27 15:56:56.668 +01:00 [INF] CORS policy execution successful.
2025-11-27 15:56:56.673 +01:00 [INF] Executing endpoint 'Backend.Controllers.IngredientAPIController.GetIngredients (Backend)'
2025-11-27 15:56:56.674 +01:00 [INF] Executing action method Backend.Controllers.CategoryAPIController.GetCategories (Backend) - Validation state: "Valid"
2025-11-27 15:56:56.675 +01:00 [INF] Route matched with {action = "GetIngredients", controller = "IngredientAPI"}. Executing controller action with signature System.Threading.Tasks.Task`1[Microsoft.AspNetCore.Mvc.IActionResult] GetIngredients() on controller Backend.Controllers.IngredientAPIController (Backend).
2025-11-27 15:56:56.681 +01:00 [INF] Executed action method Backend.Controllers.CategoryAPIController.GetCategories (Backend), returned result Microsoft.AspNetCore.Mvc.OkObjectResult in 4.0583ms.
2025-11-27 15:56:56.694 +01:00 [INF] Executing action method Backend.Controllers.IngredientAPIController.GetIngredients (Backend) - Validation state: "Valid"
2025-11-27 15:56:56.696 +01:00 [INF] Executing OkObjectResult, writing value of type 'System.Collections.Generic.List`1[[Backend.DTOs.CategoryDTO, Backend, Version=1.0.0.0, Culture=neutral, PublicKeyToken=null]]'.
2025-11-27 15:56:56.699 +01:00 [INF] Executed action Backend.Controllers.CategoryAPIController.GetCategories (Backend) in 31.7303ms
2025-11-27 15:56:56.701 +01:00 [INF] Executed endpoint 'Backend.Controllers.CategoryAPIController.GetCategories (Backend)'
2025-11-27 15:56:56.702 +01:00 [INF] Executed action method Backend.Controllers.IngredientAPIController.GetIngredients (Backend), returned result Microsoft.AspNetCore.Mvc.OkObjectResult in 6.1243ms.
2025-11-27 15:56:56.707 +01:00 [INF] Request finished HTTP/1.1 GET http://localhost:5030/api/categoryapi/categorieslist - 200 null application/json; charset=utf-8 83.3069ms
2025-11-27 15:56:56.715 +01:00 [INF] Executing OkObjectResult, writing value of type 'System.Linq.Enumerable+WhereSelectListIterator`2[[Backend.Models.Ingredient, Backend, Version=1.0.0.0, Culture=neutral, PublicKeyToken=null],[Backend.DTOs.IngredientDTO, Backend, Version=1.0.0.0, Culture=neutral, PublicKeyToken=null]]'.
2025-11-27 15:56:56.728 +01:00 [INF] Executed action Backend.Controllers.IngredientAPIController.GetIngredients (Backend) in 41.1097ms
2025-11-27 15:56:56.730 +01:00 [INF] Executed endpoint 'Backend.Controllers.IngredientAPIController.GetIngredients (Backend)'
2025-11-27 15:56:56.733 +01:00 [INF] Request finished HTTP/1.1 GET http://localhost:5030/api/ingredientapi/ingredientslist - 200 null application/json; charset=utf-8 110.6393ms
2025-11-27 15:56:57.751 +01:00 [INF] Request starting HTTP/1.1 GET http://localhost:5030/api/ingredientapi/ingredientslist - null null
2025-11-27 15:56:57.753 +01:00 [INF] Request starting HTTP/1.1 GET http://localhost:5030/api/categoryapi/categorieslist - null null
2025-11-27 15:56:57.772 +01:00 [INF] CORS policy execution successful.
2025-11-27 15:56:57.774 +01:00 [INF] CORS policy execution successful.
2025-11-27 15:56:57.777 +01:00 [INF] Executing endpoint 'Backend.Controllers.IngredientAPIController.GetIngredients (Backend)'
2025-11-27 15:56:57.779 +01:00 [INF] Executing endpoint 'Backend.Controllers.CategoryAPIController.GetCategories (Backend)'
2025-11-27 15:56:57.780 +01:00 [INF] Route matched with {action = "GetIngredients", controller = "IngredientAPI"}. Executing controller action with signature System.Threading.Tasks.Task`1[Microsoft.AspNetCore.Mvc.IActionResult] GetIngredients() on controller Backend.Controllers.IngredientAPIController (Backend).
2025-11-27 15:56:57.782 +01:00 [INF] Route matched with {action = "GetCategories", controller = "CategoryAPI"}. Executing controller action with signature System.Threading.Tasks.Task`1[Microsoft.AspNetCore.Mvc.IActionResult] GetCategories() on controller Backend.Controllers.CategoryAPIController (Backend).
2025-11-27 15:56:57.802 +01:00 [INF] Executing action method Backend.Controllers.IngredientAPIController.GetIngredients (Backend) - Validation state: "Valid"
2025-11-27 15:56:57.803 +01:00 [INF] Executing action method Backend.Controllers.CategoryAPIController.GetCategories (Backend) - Validation state: "Valid"
2025-11-27 15:56:57.808 +01:00 [INF] Executed action method Backend.Controllers.CategoryAPIController.GetCategories (Backend), returned result Microsoft.AspNetCore.Mvc.OkObjectResult in 3.4684ms.
2025-11-27 15:56:57.809 +01:00 [INF] Executed action method Backend.Controllers.IngredientAPIController.GetIngredients (Backend), returned result Microsoft.AspNetCore.Mvc.OkObjectResult in 4.9672ms.
2025-11-27 15:56:57.817 +01:00 [INF] Request starting HTTP/1.1 GET http://localhost:5030/api/ingredientapi/ingredientslist - null null
2025-11-27 15:56:57.823 +01:00 [INF] Request starting HTTP/1.1 GET http://localhost:5030/api/categoryapi/categorieslist - null null
2025-11-27 15:56:57.845 +01:00 [INF] CORS policy execution successful.
2025-11-27 15:56:57.846 +01:00 [INF] CORS policy execution successful.
2025-11-27 15:56:57.851 +01:00 [INF] Executing endpoint 'Backend.Controllers.IngredientAPIController.GetIngredients (Backend)'
2025-11-27 15:56:57.852 +01:00 [INF] Executing endpoint 'Backend.Controllers.CategoryAPIController.GetCategories (Backend)'
2025-11-27 15:56:57.854 +01:00 [INF] Route matched with {action = "GetIngredients", controller = "IngredientAPI"}. Executing controller action with signature System.Threading.Tasks.Task`1[Microsoft.AspNetCore.Mvc.IActionResult] GetIngredients() on controller Backend.Controllers.IngredientAPIController (Backend).
2025-11-27 15:56:57.855 +01:00 [INF] Route matched with {action = "GetCategories", controller = "CategoryAPI"}. Executing controller action with signature System.Threading.Tasks.Task`1[Microsoft.AspNetCore.Mvc.IActionResult] GetCategories() on controller Backend.Controllers.CategoryAPIController (Backend).
2025-11-27 15:56:57.877 +01:00 [INF] Executing action method Backend.Controllers.IngredientAPIController.GetIngredients (Backend) - Validation state: "Valid"
2025-11-27 15:56:57.877 +01:00 [INF] Executing action method Backend.Controllers.CategoryAPIController.GetCategories (Backend) - Validation state: "Valid"
2025-11-27 15:56:57.885 +01:00 [INF] Executing OkObjectResult, writing value of type 'System.Collections.Generic.List`1[[Backend.DTOs.CategoryDTO, Backend, Version=1.0.0.0, Culture=neutral, PublicKeyToken=null]]'.
2025-11-27 15:56:57.887 +01:00 [INF] Executed action method Backend.Controllers.CategoryAPIController.GetCategories (Backend), returned result Microsoft.AspNetCore.Mvc.OkObjectResult in 5.8363ms.
2025-11-27 15:56:57.888 +01:00 [INF] Executed action method Backend.Controllers.IngredientAPIController.GetIngredients (Backend), returned result Microsoft.AspNetCore.Mvc.OkObjectResult in 9.1345ms.
2025-11-27 15:56:57.904 +01:00 [INF] Executing OkObjectResult, writing value of type 'System.Collections.Generic.List`1[[Backend.DTOs.CategoryDTO, Backend, Version=1.0.0.0, Culture=neutral, PublicKeyToken=null]]'.
2025-11-27 15:56:57.905 +01:00 [INF] Executing OkObjectResult, writing value of type 'System.Linq.Enumerable+WhereSelectListIterator`2[[Backend.Models.Ingredient, Backend, Version=1.0.0.0, Culture=neutral, PublicKeyToken=null],[Backend.DTOs.IngredientDTO, Backend, Version=1.0.0.0, Culture=neutral, PublicKeyToken=null]]'.
2025-11-27 15:56:57.906 +01:00 [INF] Executed action Backend.Controllers.CategoryAPIController.GetCategories (Backend) in 91.1523ms
2025-11-27 15:56:57.908 +01:00 [INF] Executed action Backend.Controllers.CategoryAPIController.GetCategories (Backend) in 35.7488ms
2025-11-27 15:56:57.909 +01:00 [INF] Executed endpoint 'Backend.Controllers.CategoryAPIController.GetCategories (Backend)'
2025-11-27 15:56:57.911 +01:00 [INF] Executed endpoint 'Backend.Controllers.CategoryAPIController.GetCategories (Backend)'
2025-11-27 15:56:57.917 +01:00 [INF] Request finished HTTP/1.1 GET http://localhost:5030/api/categoryapi/categorieslist - 200 null application/json; charset=utf-8 96.2316ms
2025-11-27 15:56:57.920 +01:00 [INF] Request finished HTTP/1.1 GET http://localhost:5030/api/categoryapi/categorieslist - 200 null application/json; charset=utf-8 166.6526ms
2025-11-27 15:56:57.929 +01:00 [INF] Executing OkObjectResult, writing value of type 'System.Linq.Enumerable+WhereSelectListIterator`2[[Backend.Models.Ingredient, Backend, Version=1.0.0.0, Culture=neutral, PublicKeyToken=null],[Backend.DTOs.IngredientDTO, Backend, Version=1.0.0.0, Culture=neutral, PublicKeyToken=null]]'.
2025-11-27 15:56:57.940 +01:00 [INF] Executed action Backend.Controllers.IngredientAPIController.GetIngredients (Backend) in 70.1773ms
2025-11-27 15:56:57.943 +01:00 [INF] Executed endpoint 'Backend.Controllers.IngredientAPIController.GetIngredients (Backend)'
2025-11-27 15:56:57.950 +01:00 [INF] Request finished HTTP/1.1 GET http://localhost:5030/api/ingredientapi/ingredientslist - 200 null application/json; charset=utf-8 131.7992ms
2025-11-27 15:56:57.951 +01:00 [INF] Executed action Backend.Controllers.IngredientAPIController.GetIngredients (Backend) in 155.5271ms
2025-11-27 15:56:57.954 +01:00 [INF] Executed endpoint 'Backend.Controllers.IngredientAPIController.GetIngredients (Backend)'
2025-11-27 15:56:57.957 +01:00 [INF] Request finished HTTP/1.1 GET http://localhost:5030/api/ingredientapi/ingredientslist - 200 null application/json; charset=utf-8 206.9266ms
2025-11-27 15:56:59.504 +01:00 [INF] Request starting HTTP/1.1 GET http://localhost:5030/images/Filler1.png - null null
2025-11-27 15:56:59.506 +01:00 [INF] Request starting HTTP/1.1 GET http://localhost:5030/images/Filler2.png - null null
2025-11-27 15:56:59.524 +01:00 [INF] Request finished HTTP/1.1 GET http://localhost:5030/images/Filler1.png - 404 0 null 18.5053ms
2025-11-27 15:56:59.525 +01:00 [INF] Request finished HTTP/1.1 GET http://localhost:5030/images/Filler2.png - 404 0 null 19.809ms
2025-11-27 15:56:59.526 +01:00 [INF] Request reached the end of the middleware pipeline without being handled by application code. Request path: GET http://localhost:5030/images/Filler1.png, Response status code: 404
2025-11-27 15:56:59.528 +01:00 [INF] Request reached the end of the middleware pipeline without being handled by application code. Request path: GET http://localhost:5030/images/Filler2.png, Response status code: 404
2025-11-27 15:57:00.832 +01:00 [INF] Request starting HTTP/1.1 GET http://localhost:5030/api/ingredientapi/7 - null null
2025-11-27 15:57:00.842 +01:00 [INF] CORS policy execution successful.
2025-11-27 15:57:00.845 +01:00 [INF] Executing endpoint 'Backend.Controllers.IngredientAPIController.GetIngredient (Backend)'
2025-11-27 15:57:00.846 +01:00 [INF] Route matched with {action = "GetIngredient", controller = "IngredientAPI"}. Executing controller action with signature System.Threading.Tasks.Task`1[Microsoft.AspNetCore.Mvc.IActionResult] GetIngredient(Int32) on controller Backend.Controllers.IngredientAPIController (Backend).
2025-11-27 15:57:00.865 +01:00 [INF] Executing action method Backend.Controllers.IngredientAPIController.GetIngredient (Backend) - Validation state: "Valid"
2025-11-27 15:57:00.871 +01:00 [INF] Executed action method Backend.Controllers.IngredientAPIController.GetIngredient (Backend), returned result Microsoft.AspNetCore.Mvc.OkObjectResult in 4.4594ms.
2025-11-27 15:57:00.880 +01:00 [INF] Executing OkObjectResult, writing value of type 'Backend.DTOs.IngredientDTO'.
2025-11-27 15:57:00.881 +01:00 [INF] Executed action Backend.Controllers.IngredientAPIController.GetIngredient (Backend) in 27.1595ms
2025-11-27 15:57:00.883 +01:00 [INF] Executed endpoint 'Backend.Controllers.IngredientAPIController.GetIngredient (Backend)'
2025-11-27 15:57:00.886 +01:00 [INF] Request finished HTTP/1.1 GET http://localhost:5030/api/ingredientapi/7 - 200 null application/json; charset=utf-8 54.1155ms
2025-11-27 15:57:00.890 +01:00 [INF] Request starting HTTP/1.1 GET http://localhost:5030/api/ingredientapi/ingredientslist - null null
2025-11-27 15:57:00.893 +01:00 [INF] Request starting HTTP/1.1 GET http://localhost:5030/api/categoryapi/categorieslist - null null
2025-11-27 15:57:00.910 +01:00 [INF] CORS policy execution successful.
2025-11-27 15:57:00.915 +01:00 [INF] CORS policy execution successful.
2025-11-27 15:57:00.916 +01:00 [INF] Executing endpoint 'Backend.Controllers.IngredientAPIController.GetIngredients (Backend)'
2025-11-27 15:57:00.919 +01:00 [INF] Route matched with {action = "GetIngredients", controller = "IngredientAPI"}. Executing controller action with signature System.Threading.Tasks.Task`1[Microsoft.AspNetCore.Mvc.IActionResult] GetIngredients() on controller Backend.Controllers.IngredientAPIController (Backend).
2025-11-27 15:57:00.921 +01:00 [INF] Executing endpoint 'Backend.Controllers.CategoryAPIController.GetCategories (Backend)'
2025-11-27 15:57:00.923 +01:00 [INF] Route matched with {action = "GetCategories", controller = "CategoryAPI"}. Executing controller action with signature System.Threading.Tasks.Task`1[Microsoft.AspNetCore.Mvc.IActionResult] GetCategories() on controller Backend.Controllers.CategoryAPIController (Backend).
2025-11-27 15:57:00.941 +01:00 [INF] Executing action method Backend.Controllers.IngredientAPIController.GetIngredients (Backend) - Validation state: "Valid"
2025-11-27 15:57:00.944 +01:00 [INF] Request starting HTTP/1.1 GET http://localhost:5030/images/Filler1.png - null null
2025-11-27 15:57:00.946 +01:00 [INF] Executing action method Backend.Controllers.CategoryAPIController.GetCategories (Backend) - Validation state: "Valid"
2025-11-27 15:57:00.950 +01:00 [INF] Executed action method Backend.Controllers.IngredientAPIController.GetIngredients (Backend), returned result Microsoft.AspNetCore.Mvc.OkObjectResult in 6.0641ms.
2025-11-27 15:57:00.952 +01:00 [INF] Executed action method Backend.Controllers.CategoryAPIController.GetCategories (Backend), returned result Microsoft.AspNetCore.Mvc.OkObjectResult in 3.1345ms.
2025-11-27 15:57:00.967 +01:00 [INF] Executing OkObjectResult, writing value of type 'System.Linq.Enumerable+WhereSelectListIterator`2[[Backend.Models.Ingredient, Backend, Version=1.0.0.0, Culture=neutral, PublicKeyToken=null],[Backend.DTOs.IngredientDTO, Backend, Version=1.0.0.0, Culture=neutral, PublicKeyToken=null]]'.
2025-11-27 15:57:00.968 +01:00 [INF] Executing OkObjectResult, writing value of type 'System.Collections.Generic.List`1[[Backend.DTOs.CategoryDTO, Backend, Version=1.0.0.0, Culture=neutral, PublicKeyToken=null]]'.
2025-11-27 15:57:00.972 +01:00 [INF] Executed action Backend.Controllers.CategoryAPIController.GetCategories (Backend) in 32.5375ms
2025-11-27 15:57:00.978 +01:00 [INF] Executed endpoint 'Backend.Controllers.CategoryAPIController.GetCategories (Backend)'
2025-11-27 15:57:00.985 +01:00 [INF] Request finished HTTP/1.1 GET http://localhost:5030/api/categoryapi/categorieslist - 200 null application/json; charset=utf-8 90.1617ms
2025-11-27 15:57:00.992 +01:00 [INF] Request finished HTTP/1.1 GET http://localhost:5030/images/Filler1.png - 404 0 null 100.1959ms
2025-11-27 15:57:00.996 +01:00 [INF] Request reached the end of the middleware pipeline without being handled by application code. Request path: GET http://localhost:5030/images/Filler1.png, Response status code: 404
2025-11-27 15:57:00.998 +01:00 [INF] Executed action Backend.Controllers.IngredientAPIController.GetIngredients (Backend) in 62.7556ms
2025-11-27 15:57:01.000 +01:00 [INF] Executed endpoint 'Backend.Controllers.IngredientAPIController.GetIngredients (Backend)'
2025-11-27 15:57:01.004 +01:00 [INF] Request finished HTTP/1.1 GET http://localhost:5030/api/ingredientapi/ingredientslist - 200 null application/json; charset=utf-8 113.5984ms
2025-11-27 15:57:02.242 +01:00 [INF] Request starting HTTP/1.1 GET http://localhost:5030/api/categoryapi/categorieslist - null null
2025-11-27 15:57:02.243 +01:00 [INF] Request starting HTTP/1.1 GET http://localhost:5030/api/ingredientapi/ingredientslist - null null
2025-11-27 15:57:02.262 +01:00 [INF] CORS policy execution successful.
2025-11-27 15:57:02.264 +01:00 [INF] CORS policy execution successful.
2025-11-27 15:57:02.268 +01:00 [INF] Executing endpoint 'Backend.Controllers.CategoryAPIController.GetCategories (Backend)'
2025-11-27 15:57:02.269 +01:00 [INF] Executing endpoint 'Backend.Controllers.IngredientAPIController.GetIngredients (Backend)'
2025-11-27 15:57:02.270 +01:00 [INF] Route matched with {action = "GetCategories", controller = "CategoryAPI"}. Executing controller action with signature System.Threading.Tasks.Task`1[Microsoft.AspNetCore.Mvc.IActionResult] GetCategories() on controller Backend.Controllers.CategoryAPIController (Backend).
2025-11-27 15:57:02.272 +01:00 [INF] Route matched with {action = "GetIngredients", controller = "IngredientAPI"}. Executing controller action with signature System.Threading.Tasks.Task`1[Microsoft.AspNetCore.Mvc.IActionResult] GetIngredients() on controller Backend.Controllers.IngredientAPIController (Backend).
2025-11-27 15:57:02.291 +01:00 [INF] Executing action method Backend.Controllers.CategoryAPIController.GetCategories (Backend) - Validation state: "Valid"
2025-11-27 15:57:02.292 +01:00 [INF] Executing action method Backend.Controllers.IngredientAPIController.GetIngredients (Backend) - Validation state: "Valid"
2025-11-27 15:57:02.296 +01:00 [INF] Executed action method Backend.Controllers.CategoryAPIController.GetCategories (Backend), returned result Microsoft.AspNetCore.Mvc.OkObjectResult in 3.1434ms.
2025-11-27 15:57:02.299 +01:00 [INF] Executed action method Backend.Controllers.IngredientAPIController.GetIngredients (Backend), returned result Microsoft.AspNetCore.Mvc.OkObjectResult in 4.9415ms.
2025-11-27 15:57:02.309 +01:00 [INF] Request starting HTTP/1.1 GET http://localhost:5030/api/categoryapi/categorieslist - null null
2025-11-27 15:57:02.311 +01:00 [INF] Request starting HTTP/1.1 GET http://localhost:5030/api/ingredientapi/ingredientslist - null null
2025-11-27 15:57:02.330 +01:00 [INF] CORS policy execution successful.
2025-11-27 15:57:02.331 +01:00 [INF] CORS policy execution successful.
2025-11-27 15:57:02.336 +01:00 [INF] Executing endpoint 'Backend.Controllers.CategoryAPIController.GetCategories (Backend)'
2025-11-27 15:57:02.337 +01:00 [INF] Executing endpoint 'Backend.Controllers.IngredientAPIController.GetIngredients (Backend)'
2025-11-27 15:57:02.338 +01:00 [INF] Route matched with {action = "GetCategories", controller = "CategoryAPI"}. Executing controller action with signature System.Threading.Tasks.Task`1[Microsoft.AspNetCore.Mvc.IActionResult] GetCategories() on controller Backend.Controllers.CategoryAPIController (Backend).
2025-11-27 15:57:02.339 +01:00 [INF] Route matched with {action = "GetIngredients", controller = "IngredientAPI"}. Executing controller action with signature System.Threading.Tasks.Task`1[Microsoft.AspNetCore.Mvc.IActionResult] GetIngredients() on controller Backend.Controllers.IngredientAPIController (Backend).
2025-11-27 15:57:02.359 +01:00 [INF] Executing action method Backend.Controllers.CategoryAPIController.GetCategories (Backend) - Validation state: "Valid"
2025-11-27 15:57:02.361 +01:00 [INF] Executing action method Backend.Controllers.IngredientAPIController.GetIngredients (Backend) - Validation state: "Valid"
2025-11-27 15:57:02.369 +01:00 [INF] Executed action method Backend.Controllers.CategoryAPIController.GetCategories (Backend), returned result Microsoft.AspNetCore.Mvc.OkObjectResult in 6.9607ms.
2025-11-27 15:57:02.370 +01:00 [INF] Executed action method Backend.Controllers.IngredientAPIController.GetIngredients (Backend), returned result Microsoft.AspNetCore.Mvc.OkObjectResult in 7.0534ms.
2025-11-27 15:57:02.385 +01:00 [INF] Executing OkObjectResult, writing value of type 'System.Collections.Generic.List`1[[Backend.DTOs.CategoryDTO, Backend, Version=1.0.0.0, Culture=neutral, PublicKeyToken=null]]'.
2025-11-27 15:57:02.386 +01:00 [INF] Executing OkObjectResult, writing value of type 'System.Linq.Enumerable+WhereSelectListIterator`2[[Backend.Models.Ingredient, Backend, Version=1.0.0.0, Culture=neutral, PublicKeyToken=null],[Backend.DTOs.IngredientDTO, Backend, Version=1.0.0.0, Culture=neutral, PublicKeyToken=null]]'.
2025-11-27 15:57:02.388 +01:00 [INF] Executing OkObjectResult, writing value of type 'System.Linq.Enumerable+WhereSelectListIterator`2[[Backend.Models.Ingredient, Backend, Version=1.0.0.0, Culture=neutral, PublicKeyToken=null],[Backend.DTOs.IngredientDTO, Backend, Version=1.0.0.0, Culture=neutral, PublicKeyToken=null]]'.
2025-11-27 15:57:02.390 +01:00 [INF] Executed action Backend.Controllers.CategoryAPIController.GetCategories (Backend) in 34.9962ms
2025-11-27 15:57:02.392 +01:00 [INF] Executed endpoint 'Backend.Controllers.CategoryAPIController.GetCategories (Backend)'
2025-11-27 15:57:02.398 +01:00 [INF] Request finished HTTP/1.1 GET http://localhost:5030/api/categoryapi/categorieslist - 200 null application/json; charset=utf-8 88.5933ms
2025-11-27 15:57:02.404 +01:00 [INF] Executing OkObjectResult, writing value of type 'System.Collections.Generic.List`1[[Backend.DTOs.CategoryDTO, Backend, Version=1.0.0.0, Culture=neutral, PublicKeyToken=null]]'.
2025-11-27 15:57:02.409 +01:00 [INF] Executed action Backend.Controllers.CategoryAPIController.GetCategories (Backend) in 122.2013ms
2025-11-27 15:57:02.413 +01:00 [INF] Executed endpoint 'Backend.Controllers.CategoryAPIController.GetCategories (Backend)'
2025-11-27 15:57:02.417 +01:00 [INF] Executed action Backend.Controllers.IngredientAPIController.GetIngredients (Backend) in 62.7115ms
2025-11-27 15:57:02.418 +01:00 [INF] Executed action Backend.Controllers.IngredientAPIController.GetIngredients (Backend) in 132.0866ms
2025-11-27 15:57:02.420 +01:00 [INF] Executed endpoint 'Backend.Controllers.IngredientAPIController.GetIngredients (Backend)'
2025-11-27 15:57:02.422 +01:00 [INF] Executed endpoint 'Backend.Controllers.IngredientAPIController.GetIngredients (Backend)'
2025-11-27 15:57:02.427 +01:00 [INF] Request finished HTTP/1.1 GET http://localhost:5030/api/ingredientapi/ingredientslist - 200 null application/json; charset=utf-8 117.0656ms
2025-11-27 15:57:02.428 +01:00 [INF] Request finished HTTP/1.1 GET http://localhost:5030/api/ingredientapi/ingredientslist - 200 null application/json; charset=utf-8 185.2564ms
2025-11-27 15:57:02.434 +01:00 [INF] Request finished HTTP/1.1 GET http://localhost:5030/api/categoryapi/categorieslist - 200 null application/json; charset=utf-8 190.6649ms
